09.04.2017 21:36:47	This log contains information about the import schema operation into project 'Joy.Database' on computer 'DESKTOP-2AAREQA' by user 'Lenovo'.
09.04.2017 21:36:47	Import of database schema has started.
09.04.2017 21:37:06	Gathering database options
09.04.2017 21:37:06	Gathering users
09.04.2017 21:37:06	Gathering roles
09.04.2017 21:37:06	Gathering application roles
09.04.2017 21:37:06	Gathering role memberships
09.04.2017 21:37:06	Gathering filegroups
09.04.2017 21:37:06	Gathering full-text catalogs
09.04.2017 21:37:06	Gathering assemblies
09.04.2017 21:37:06	Gathering certificates
09.04.2017 21:37:06	Gathering asymmetric keys
09.04.2017 21:37:06	Gathering symmetric keys
09.04.2017 21:37:06	Gathering encrypted symmetric keys
09.04.2017 21:37:06	Gathering schemas
09.04.2017 21:37:06	Gathering XML schema collections
09.04.2017 21:37:06	Gathering user-defined data types
09.04.2017 21:37:06	Gathering user-defined types
09.04.2017 21:37:06	Gathering table types
09.04.2017 21:37:06	Gathering unique keys for table types
09.04.2017 21:37:06	Gathering primary keys for table types
09.04.2017 21:37:06	Gathering indexes for table types
09.04.2017 21:37:06	Gathering check constraints for table types
09.04.2017 21:37:06	Gathering default constraints for table types
09.04.2017 21:37:06	Gathering partition functions
09.04.2017 21:37:06	Gathering partition schemes
09.04.2017 21:37:06	Gathering functions
09.04.2017 21:37:06	Gathering encrypted functions
09.04.2017 21:37:06	Gathering aggregates
09.04.2017 21:37:06	Gathering procedures
09.04.2017 21:37:06	Gathering encrypted procedures
09.04.2017 21:37:06	Gathering tables
09.04.2017 21:37:06	Gathering primary keys
09.04.2017 21:37:07	Gathering unique constraints
09.04.2017 21:37:07	Gathering foreign keys
09.04.2017 21:37:07	Gathering default constraints
09.04.2017 21:37:07	Gathering check constraints
09.04.2017 21:37:07	Gathering views
09.04.2017 21:37:07	Gathering encrypted views
09.04.2017 21:37:07	Gathering indexes
09.04.2017 21:37:07	Gathering statistics
09.04.2017 21:37:07	Gathering full-text index stoplists
09.04.2017 21:37:07	Gathering search property lists
09.04.2017 21:37:07	Gathering search properties
09.04.2017 21:37:07	Gathering full-text indexes
09.04.2017 21:37:07	Gathering column store indexes
09.04.2017 21:37:07	Gathering spatial indexes
09.04.2017 21:37:09	Gathering XML indexes
09.04.2017 21:37:09	Gathering Selective XML indexes
09.04.2017 21:37:09	Gathering encrypted triggers
09.04.2017 21:37:09	Gathering triggers
09.04.2017 21:37:09	Gathering encrypted and clr ddl triggers
09.04.2017 21:37:09	Gathering ddl triggers
09.04.2017 21:37:09	Gathering synonyms
09.04.2017 21:37:09	Gathering defaults
09.04.2017 21:37:09	Gathering data constraint uddt bindings
09.04.2017 21:37:09	Gathering rules
09.04.2017 21:37:09	Gathering data constraint uddt bindings
09.04.2017 21:37:09	Gathering message types
09.04.2017 21:37:09	Gathering queues
09.04.2017 21:37:09	Gathering contracts
09.04.2017 21:37:09	Gathering services
09.04.2017 21:37:09	Gathering event notifications
09.04.2017 21:37:09	Gathering remote service bindings
09.04.2017 21:37:09	Gathering broker priorities
09.04.2017 21:37:09	Gathering signatures
09.04.2017 21:37:09	Gathering data compression options
09.04.2017 21:37:09	Gathering sequence types
09.04.2017 21:37:09	Gathering security policies
09.04.2017 21:37:09	Gather column encryption keys
09.04.2017 21:37:09	Gathering column master keys
09.04.2017 21:37:09	Gathering external data sources
09.04.2017 21:37:09	Gathering external file formats
09.04.2017 21:37:09	Gathering external tables
09.04.2017 21:37:09	Gathering extended properties
09.04.2017 21:37:10	Gathering credentials
09.04.2017 21:37:10	Gathering logins
09.04.2017 21:37:10	Gathering server audits
09.04.2017 21:37:13	Scanning project for duplicate elements
09.04.2017 21:37:14	Finished duplicate element processing
09.04.2017 21:37:15	Finished importing database.
09.04.2017 21:37:15	A summary of the import was saved to the following location: D:\C sharp projects\joyTest\joyEgine\DiplomAPI\Joy.Database\Import Schema Logs\Joy.Database_20170409063647.log
09.04.2017 21:37:15	Click Finish to continue...
